     1 00000000                                 [FORMAT "WCOFF"]
     2 00000000                                 [INSTRSET "i486p"]
     3 00000000                                 [OPTIMIZE 1]
     4 00000000                                 [OPTION 1]
     5 00000000                                 [BITS 32]
     6 00000000                                 	EXTERN	_sprintf
     7 00000000                                 	EXTERN	_io_hlt
     8 00000000                                 	EXTERN	_io_load_eflags
     9 00000000                                 	EXTERN	_io_cli
    10 00000000                                 	EXTERN	_io_out8
    11 00000000                                 	EXTERN	_io_store_eflags
    12 00000000                                 	EXTERN	_hankaku
    13 00000000                                 [FILE "bootpack.c"]
    14                                          [SECTION .data]
    15 00000000                                 LC0:
    16 00000000 41 42 43 20 31 32 33 00         	DB	"ABC 123",0x00
    17 00000008                                 LC1:
    18 00000008 48 61 72 69 62 6F 74 65 20 4F   	DB	"Haribote OS.",0x00
       00000012 53 2E 00 
    19 00000015                                 LC2:
    20 00000015 73 63 72 6E 78 20 3D 20 25 64   	DB	"scrnx = %d",0x00
       0000001F 00 
    21 00000020                                 LC3:
    22 00000020 73 63 72 6E 79 20 3D 20 25 64   	DB	"scrny = %d",0x00
       0000002A 00 
    23                                          [SECTION .text]
    24 00000000                                 	GLOBAL	_HariMain
    25 00000000                                 _HariMain:
    26 00000000 55                              	PUSH	EBP
    27 00000001 89 E5                           	MOV	EBP,ESP
    28 00000003 53                              	PUSH	EBX
    29 00000004 83 EC 30                        	SUB	ESP,48
    30 00000007 8D 5D CC                        	LEA	EBX,DWORD [-52+EBP]
    31 0000000A E8 000000E2                     	CALL	_init_palette
    32 0000000F 0F BF 05 00000FF6               	MOVSX	EAX,WORD [4086]
    33 00000016 50                              	PUSH	EAX
    34 00000017 0F BF 05 00000FF4               	MOVSX	EAX,WORD [4084]
    35 0000001E 50                              	PUSH	EAX
    36 0000001F FF 35 00000FF8                  	PUSH	DWORD [4088]
    37 00000025 E8 000001B3                     	CALL	_init_screen
    38 0000002A 68 [00000000]                   	PUSH	LC0
    39 0000002F 6A 07                           	PUSH	7
    40 00000031 6A 08                           	PUSH	8
    41 00000033 6A 08                           	PUSH	8
    42 00000035 0F BF 05 00000FF4               	MOVSX	EAX,WORD [4084]
    43 0000003C 50                              	PUSH	EAX
    44 0000003D FF 35 00000FF8                  	PUSH	DWORD [4088]
    45 00000043 E8 000003A6                     	CALL	_putfonts8_asc
    46 00000048 83 C4 24                        	ADD	ESP,36
    47 0000004B 68 [00000008]                   	PUSH	LC1
    48 00000050 6A 00                           	PUSH	0
    49 00000052 6A 1F                           	PUSH	31
    50 00000054 6A 1F                           	PUSH	31
    51 00000056 0F BF 05 00000FF4               	MOVSX	EAX,WORD [4084]
    52 0000005D 50                              	PUSH	EAX
    53 0000005E FF 35 00000FF8                  	PUSH	DWORD [4088]
    54 00000064 E8 00000385                     	CALL	_putfonts8_asc
    55 00000069 68 [00000008]                   	PUSH	LC1
    56 0000006E 6A 07                           	PUSH	7
    57 00000070 6A 1E                           	PUSH	30
    58 00000072 6A 1E                           	PUSH	30
    59 00000074 0F BF 05 00000FF4               	MOVSX	EAX,WORD [4084]
    60 0000007B 50                              	PUSH	EAX
    61 0000007C FF 35 00000FF8                  	PUSH	DWORD [4088]
    62 00000082 E8 00000367                     	CALL	_putfonts8_asc
    63 00000087 83 C4 30                        	ADD	ESP,48
    64 0000008A 0F BF 05 00000FF4               	MOVSX	EAX,WORD [4084]
    65 00000091 50                              	PUSH	EAX
    66 00000092 68 [00000015]                   	PUSH	LC2
    67 00000097 53                              	PUSH	EBX
    68 00000098 E8 [00000000]                   	CALL	_sprintf
    69 0000009D 53                              	PUSH	EBX
    70 0000009E 6A 07                           	PUSH	7
    71 000000A0 6A 40                           	PUSH	64
    72 000000A2 6A 10                           	PUSH	16
    73 000000A4 0F BF 05 00000FF4               	MOVSX	EAX,WORD [4084]
    74 000000AB 50                              	PUSH	EAX
    75 000000AC FF 35 00000FF8                  	PUSH	DWORD [4088]
    76 000000B2 E8 00000337                     	CALL	_putfonts8_asc
    77 000000B7 83 C4 24                        	ADD	ESP,36
    78 000000BA 0F BF 05 00000FF6               	MOVSX	EAX,WORD [4086]
    79 000000C1 50                              	PUSH	EAX
    80 000000C2 68 [00000020]                   	PUSH	LC3
    81 000000C7 53                              	PUSH	EBX
    82 000000C8 E8 [00000000]                   	CALL	_sprintf
    83 000000CD 53                              	PUSH	EBX
    84 000000CE 6A 05                           	PUSH	5
    85 000000D0 6A 64                           	PUSH	100
    86 000000D2 6A 10                           	PUSH	16
    87 000000D4 0F BF 05 00000FF4               	MOVSX	EAX,WORD [4084]
    88 000000DB 50                              	PUSH	EAX
    89 000000DC FF 35 00000FF8                  	PUSH	DWORD [4088]
    90 000000E2 E8 00000307                     	CALL	_putfonts8_asc
    91 000000E7 83 C4 24                        	ADD	ESP,36
    92 000000EA                                 L2:
    93 000000EA E8 [00000000]                   	CALL	_io_hlt
    94 000000EF EB F9                           	JMP	L2
    95                                          [SECTION .data]
    96 0000002B                                 _table_rgb.0:
    97 0000002B 00                              	DB	0
    98 0000002C 00                              	DB	0
    99 0000002D 00                              	DB	0
   100 0000002E FF                              	DB	-1
   101 0000002F 00                              	DB	0
   102 00000030 00                              	DB	0
   103 00000031 00                              	DB	0
   104 00000032 FF                              	DB	-1
   105 00000033 00                              	DB	0
   106 00000034 FF                              	DB	-1
   107 00000035 FF                              	DB	-1
   108 00000036 00                              	DB	0
   109 00000037 00                              	DB	0
   110 00000038 00                              	DB	0
   111 00000039 FF                              	DB	-1
   112 0000003A FF                              	DB	-1
   113 0000003B 00                              	DB	0
   114 0000003C FF                              	DB	-1
   115 0000003D 00                              	DB	0
   116 0000003E FF                              	DB	-1
   117 0000003F FF                              	DB	-1
   118 00000040 FF                              	DB	-1
   119 00000041 FF                              	DB	-1
   120 00000042 FF                              	DB	-1
   121 00000043 C6                              	DB	-58
   122 00000044 C6                              	DB	-58
   123 00000045 C6                              	DB	-58
   124 00000046 84                              	DB	-124
   125 00000047 00                              	DB	0
   126 00000048 00                              	DB	0
   127 00000049 00                              	DB	0
   128 0000004A 84                              	DB	-124
   129 0000004B 00                              	DB	0
   130 0000004C 84                              	DB	-124
   131 0000004D 84                              	DB	-124
   132 0000004E 00                              	DB	0
   133 0000004F 00                              	DB	0
   134 00000050 00                              	DB	0
   135 00000051 84                              	DB	-124
   136 00000052 84                              	DB	-124
   137 00000053 00                              	DB	0
   138 00000054 84                              	DB	-124
   139 00000055 00                              	DB	0
   140 00000056 84                              	DB	-124
   141 00000057 84                              	DB	-124
   142 00000058 84                              	DB	-124
   143 00000059 84                              	DB	-124
   144 0000005A 84                              	DB	-124
   145                                          [SECTION .text]
   146 000000F1                                 	GLOBAL	_init_palette
   147 000000F1                                 _init_palette:
   148 000000F1 55                              	PUSH	EBP
   149 000000F2 89 E5                           	MOV	EBP,ESP
   150 000000F4 68 [0000002B]                   	PUSH	_table_rgb.0
   151 000000F9 6A 0F                           	PUSH	15
   152 000000FB 6A 00                           	PUSH	0
   153 000000FD E8 00000002                     	CALL	_set_palette
   154 00000102 C9                              	LEAVE
   155 00000103 C3                              	RET
   156 00000104                                 	GLOBAL	_set_palette
   157 00000104                                 _set_palette:
   158 00000104 55                              	PUSH	EBP
   159 00000105 89 E5                           	MOV	EBP,ESP
   160 00000107 57                              	PUSH	EDI
   161 00000108 56                              	PUSH	ESI
   162 00000109 53                              	PUSH	EBX
   163 0000010A 51                              	PUSH	ECX
   164 0000010B 8B 5D 08                        	MOV	EBX,DWORD [8+EBP]
   165 0000010E 8B 7D 0C                        	MOV	EDI,DWORD [12+EBP]
   166 00000111 8B 75 10                        	MOV	ESI,DWORD [16+EBP]
   167 00000114 E8 [00000000]                   	CALL	_io_load_eflags
   168 00000119 89 45 F0                        	MOV	DWORD [-16+EBP],EAX
   169 0000011C E8 [00000000]                   	CALL	_io_cli
   170 00000121 53                              	PUSH	EBX
   171 00000122 68 000003C8                     	PUSH	968
   172 00000127 E8 [00000000]                   	CALL	_io_out8
   173 0000012C 39 FB                           	CMP	EBX,EDI
   174 0000012E 58                              	POP	EAX
   175 0000012F 5A                              	POP	EDX
   176 00000130 7E 12                           	JLE	L11
   177 00000132                                 L13:
   178 00000132 8B 45 F0                        	MOV	EAX,DWORD [-16+EBP]
   179 00000135 89 45 08                        	MOV	DWORD [8+EBP],EAX
   180 00000138 8D 65 F4                        	LEA	ESP,DWORD [-12+EBP]
   181 0000013B 5B                              	POP	EBX
   182 0000013C 5E                              	POP	ESI
   183 0000013D 5F                              	POP	EDI
   184 0000013E 5D                              	POP	EBP
   185 0000013F E9 [00000000]                   	JMP	_io_store_eflags
   186 00000144                                 L11:
   187 00000144 8A 06                           	MOV	AL,BYTE [ESI]
   188 00000146 43                              	INC	EBX
   189 00000147 C0 E8 02                        	SHR	AL,2
   190 0000014A 0F B6 C0                        	MOVZX	EAX,AL
   191 0000014D 50                              	PUSH	EAX
   192 0000014E 68 000003C9                     	PUSH	969
   193 00000153 E8 [00000000]                   	CALL	_io_out8
   194 00000158 8A 46 01                        	MOV	AL,BYTE [1+ESI]
   195 0000015B C0 E8 02                        	SHR	AL,2
   196 0000015E 0F B6 C0                        	MOVZX	EAX,AL
   197 00000161 50                              	PUSH	EAX
   198 00000162 68 000003C9                     	PUSH	969
   199 00000167 E8 [00000000]                   	CALL	_io_out8
   200 0000016C 8A 46 02                        	MOV	AL,BYTE [2+ESI]
   201 0000016F C0 E8 02                        	SHR	AL,2
   202 00000172 83 C6 03                        	ADD	ESI,3
   203 00000175 0F B6 C0                        	MOVZX	EAX,AL
   204 00000178 50                              	PUSH	EAX
   205 00000179 68 000003C9                     	PUSH	969
   206 0000017E E8 [00000000]                   	CALL	_io_out8
   207 00000183 83 C4 18                        	ADD	ESP,24
   208 00000186 39 FB                           	CMP	EBX,EDI
   209 00000188 7E BA                           	JLE	L11
   210 0000018A EB A6                           	JMP	L13
   211 0000018C                                 	GLOBAL	_boxfill8
   212 0000018C                                 _boxfill8:
   213 0000018C 55                              	PUSH	EBP
   214 0000018D 89 E5                           	MOV	EBP,ESP
   215 0000018F 57                              	PUSH	EDI
   216 00000190 56                              	PUSH	ESI
   217 00000191 53                              	PUSH	EBX
   218 00000192 57                              	PUSH	EDI
   219 00000193 57                              	PUSH	EDI
   220 00000194 8A 45 10                        	MOV	AL,BYTE [16+EBP]
   221 00000197 8B 4D 18                        	MOV	ECX,DWORD [24+EBP]
   222 0000019A 8B 7D 1C                        	MOV	EDI,DWORD [28+EBP]
   223 0000019D 88 45 F3                        	MOV	BYTE [-13+EBP],AL
   224 000001A0 3B 4D 20                        	CMP	ECX,DWORD [32+EBP]
   225 000001A3 7F 31                           	JG	L26
   226 000001A5 8B 5D 0C                        	MOV	EBX,DWORD [12+EBP]
   227 000001A8 0F AF D9                        	IMUL	EBX,ECX
   228 000001AB                                 L24:
   229 000001AB 8B 55 14                        	MOV	EDX,DWORD [20+EBP]
   230 000001AE 39 FA                           	CMP	EDX,EDI
   231 000001B0 7F 1B                           	JG	L28
   232 000001B2 8B 75 08                        	MOV	ESI,DWORD [8+EBP]
   233 000001B5 01 DE                           	ADD	ESI,EBX
   234 000001B7 01 D6                           	ADD	ESI,EDX
   235 000001B9 89 75 EC                        	MOV	DWORD [-20+EBP],ESI
   236 000001BC                                 L23:
   237 000001BC 8B 75 EC                        	MOV	ESI,DWORD [-20+EBP]
   238 000001BF 8A 45 F3                        	MOV	AL,BYTE [-13+EBP]
   239 000001C2 42                              	INC	EDX
   240 000001C3 88 06                           	MOV	BYTE [ESI],AL
   241 000001C5 46                              	INC	ESI
   242 000001C6 89 75 EC                        	MOV	DWORD [-20+EBP],ESI
   243 000001C9 39 FA                           	CMP	EDX,EDI
   244 000001CB 7E EF                           	JLE	L23
   245 000001CD                                 L28:
   246 000001CD 41                              	INC	ECX
   247 000001CE 03 5D 0C                        	ADD	EBX,DWORD [12+EBP]
   248 000001D1 3B 4D 20                        	CMP	ECX,DWORD [32+EBP]
   249 000001D4 7E D5                           	JLE	L24
   250 000001D6                                 L26:
   251 000001D6 5B                              	POP	EBX
   252 000001D7 5E                              	POP	ESI
   253 000001D8 5B                              	POP	EBX
   254 000001D9 5E                              	POP	ESI
   255 000001DA 5F                              	POP	EDI
   256 000001DB 5D                              	POP	EBP
   257 000001DC C3                              	RET
   258 000001DD                                 	GLOBAL	_init_screen
   259 000001DD                                 _init_screen:
   260 000001DD 55                              	PUSH	EBP
   261 000001DE 89 E5                           	MOV	EBP,ESP
   262 000001E0 57                              	PUSH	EDI
   263 000001E1 56                              	PUSH	ESI
   264 000001E2 53                              	PUSH	EBX
   265 000001E3 83 EC 0C                        	SUB	ESP,12
   266 000001E6 8B 45 10                        	MOV	EAX,DWORD [16+EBP]
   267 000001E9 8B 7D 0C                        	MOV	EDI,DWORD [12+EBP]
   268 000001EC 83 E8 1D                        	SUB	EAX,29
   269 000001EF 4F                              	DEC	EDI
   270 000001F0 50                              	PUSH	EAX
   271 000001F1 57                              	PUSH	EDI
   272 000001F2 6A 00                           	PUSH	0
   273 000001F4 6A 00                           	PUSH	0
   274 000001F6 6A 0E                           	PUSH	14
   275 000001F8 FF 75 0C                        	PUSH	DWORD [12+EBP]
   276 000001FB FF 75 08                        	PUSH	DWORD [8+EBP]
   277 000001FE E8 FFFFFF89                     	CALL	_boxfill8
   278 00000203 8B 45 10                        	MOV	EAX,DWORD [16+EBP]
   279 00000206 83 E8 1C                        	SUB	EAX,28
   280 00000209 50                              	PUSH	EAX
   281 0000020A 57                              	PUSH	EDI
   282 0000020B 50                              	PUSH	EAX
   283 0000020C 6A 00                           	PUSH	0
   284 0000020E 6A 08                           	PUSH	8
   285 00000210 FF 75 0C                        	PUSH	DWORD [12+EBP]
   286 00000213 FF 75 08                        	PUSH	DWORD [8+EBP]
   287 00000216 E8 FFFFFF71                     	CALL	_boxfill8
   288 0000021B 8B 45 10                        	MOV	EAX,DWORD [16+EBP]
   289 0000021E 83 C4 38                        	ADD	ESP,56
   290 00000221 83 E8 1B                        	SUB	EAX,27
   291 00000224 50                              	PUSH	EAX
   292 00000225 57                              	PUSH	EDI
   293 00000226 50                              	PUSH	EAX
   294 00000227 6A 00                           	PUSH	0
   295 00000229 6A 07                           	PUSH	7
   296 0000022B FF 75 0C                        	PUSH	DWORD [12+EBP]
   297 0000022E FF 75 08                        	PUSH	DWORD [8+EBP]
   298 00000231 E8 FFFFFF56                     	CALL	_boxfill8
   299 00000236 8B 45 10                        	MOV	EAX,DWORD [16+EBP]
   300 00000239 48                              	DEC	EAX
   301 0000023A 50                              	PUSH	EAX
   302 0000023B 8B 45 10                        	MOV	EAX,DWORD [16+EBP]
   303 0000023E 57                              	PUSH	EDI
   304 0000023F 83 E8 1A                        	SUB	EAX,26
   305 00000242 50                              	PUSH	EAX
   306 00000243 6A 00                           	PUSH	0
   307 00000245 6A 08                           	PUSH	8
   308 00000247 FF 75 0C                        	PUSH	DWORD [12+EBP]
   309 0000024A FF 75 08                        	PUSH	DWORD [8+EBP]
   310 0000024D E8 FFFFFF3A                     	CALL	_boxfill8
   311 00000252 8B 75 10                        	MOV	ESI,DWORD [16+EBP]
   312 00000255 83 C4 38                        	ADD	ESP,56
   313 00000258 83 EE 18                        	SUB	ESI,24
   314 0000025B 56                              	PUSH	ESI
   315 0000025C 6A 3B                           	PUSH	59
   316 0000025E 56                              	PUSH	ESI
   317 0000025F 6A 03                           	PUSH	3
   318 00000261 6A 07                           	PUSH	7
   319 00000263 FF 75 0C                        	PUSH	DWORD [12+EBP]
   320 00000266 FF 75 08                        	PUSH	DWORD [8+EBP]
   321 00000269 E8 FFFFFF1E                     	CALL	_boxfill8
   322 0000026E 8B 45 10                        	MOV	EAX,DWORD [16+EBP]
   323 00000271 83 E8 04                        	SUB	EAX,4
   324 00000274 50                              	PUSH	EAX
   325 00000275 89 45 F0                        	MOV	DWORD [-16+EBP],EAX
   326 00000278 6A 02                           	PUSH	2
   327 0000027A 56                              	PUSH	ESI
   328 0000027B 6A 02                           	PUSH	2
   329 0000027D 6A 07                           	PUSH	7
   330 0000027F FF 75 0C                        	PUSH	DWORD [12+EBP]
   331 00000282 FF 75 08                        	PUSH	DWORD [8+EBP]
   332 00000285 E8 FFFFFF02                     	CALL	_boxfill8
   333 0000028A 83 C4 38                        	ADD	ESP,56
   334 0000028D FF 75 F0                        	PUSH	DWORD [-16+EBP]
   335 00000290 6A 3B                           	PUSH	59
   336 00000292 FF 75 F0                        	PUSH	DWORD [-16+EBP]
   337 00000295 6A 03                           	PUSH	3
   338 00000297 6A 0F                           	PUSH	15
   339 00000299 FF 75 0C                        	PUSH	DWORD [12+EBP]
   340 0000029C FF 75 08                        	PUSH	DWORD [8+EBP]
   341 0000029F E8 FFFFFEE8                     	CALL	_boxfill8
   342 000002A4 8B 45 10                        	MOV	EAX,DWORD [16+EBP]
   343 000002A7 83 E8 05                        	SUB	EAX,5
   344 000002AA 50                              	PUSH	EAX
   345 000002AB 8B 45 10                        	MOV	EAX,DWORD [16+EBP]
   346 000002AE 6A 3B                           	PUSH	59
   347 000002B0 83 E8 17                        	SUB	EAX,23
   348 000002B3 50                              	PUSH	EAX
   349 000002B4 89 45 EC                        	MOV	DWORD [-20+EBP],EAX
   350 000002B7 6A 3B                           	PUSH	59
   351 000002B9 6A 0F                           	PUSH	15
   352 000002BB FF 75 0C                        	PUSH	DWORD [12+EBP]
   353 000002BE FF 75 08                        	PUSH	DWORD [8+EBP]
   354 000002C1 E8 FFFFFEC6                     	CALL	_boxfill8
   355 000002C6 8B 45 10                        	MOV	EAX,DWORD [16+EBP]
   356 000002C9 83 C4 38                        	ADD	ESP,56
   357 000002CC 83 E8 03                        	SUB	EAX,3
   358 000002CF 89 45 E8                        	MOV	DWORD [-24+EBP],EAX
   359 000002D2 50                              	PUSH	EAX
   360 000002D3 6A 3B                           	PUSH	59
   361 000002D5 50                              	PUSH	EAX
   362 000002D6 6A 02                           	PUSH	2
   363 000002D8 6A 00                           	PUSH	0
   364 000002DA FF 75 0C                        	PUSH	DWORD [12+EBP]
   365 000002DD FF 75 08                        	PUSH	DWORD [8+EBP]
   366 000002E0 E8 FFFFFEA7                     	CALL	_boxfill8
   367 000002E5 FF 75 E8                        	PUSH	DWORD [-24+EBP]
   368 000002E8 6A 3C                           	PUSH	60
   369 000002EA 56                              	PUSH	ESI
   370 000002EB 6A 3C                           	PUSH	60
   371 000002ED 6A 00                           	PUSH	0
   372 000002EF FF 75 0C                        	PUSH	DWORD [12+EBP]
   373 000002F2 FF 75 08                        	PUSH	DWORD [8+EBP]
   374 000002F5 E8 FFFFFE92                     	CALL	_boxfill8
   375 000002FA 8B 7D 0C                        	MOV	EDI,DWORD [12+EBP]
   376 000002FD 83 C4 38                        	ADD	ESP,56
   377 00000300 8B 5D 0C                        	MOV	EBX,DWORD [12+EBP]
   378 00000303 83 EB 04                        	SUB	EBX,4
   379 00000306 83 EF 2F                        	SUB	EDI,47
   380 00000309 56                              	PUSH	ESI
   381 0000030A 53                              	PUSH	EBX
   382 0000030B 56                              	PUSH	ESI
   383 0000030C 57                              	PUSH	EDI
   384 0000030D 6A 0F                           	PUSH	15
   385 0000030F FF 75 0C                        	PUSH	DWORD [12+EBP]
   386 00000312 FF 75 08                        	PUSH	DWORD [8+EBP]
   387 00000315 E8 FFFFFE72                     	CALL	_boxfill8
   388 0000031A FF 75 F0                        	PUSH	DWORD [-16+EBP]
   389 0000031D 57                              	PUSH	EDI
   390 0000031E FF 75 EC                        	PUSH	DWORD [-20+EBP]
   391 00000321 57                              	PUSH	EDI
   392 00000322 6A 0F                           	PUSH	15
   393 00000324 FF 75 0C                        	PUSH	DWORD [12+EBP]
   394 00000327 FF 75 08                        	PUSH	DWORD [8+EBP]
   395 0000032A E8 FFFFFE5D                     	CALL	_boxfill8
   396 0000032F 83 C4 38                        	ADD	ESP,56
   397 00000332 FF 75 E8                        	PUSH	DWORD [-24+EBP]
   398 00000335 53                              	PUSH	EBX
   399 00000336 FF 75 E8                        	PUSH	DWORD [-24+EBP]
   400 00000339 57                              	PUSH	EDI
   401 0000033A 6A 07                           	PUSH	7
   402 0000033C FF 75 0C                        	PUSH	DWORD [12+EBP]
   403 0000033F FF 75 08                        	PUSH	DWORD [8+EBP]
   404 00000342 E8 FFFFFE45                     	CALL	_boxfill8
   405 00000347 8B 45 0C                        	MOV	EAX,DWORD [12+EBP]
   406 0000034A FF 75 E8                        	PUSH	DWORD [-24+EBP]
   407 0000034D 83 E8 03                        	SUB	EAX,3
   408 00000350 50                              	PUSH	EAX
   409 00000351 56                              	PUSH	ESI
   410 00000352 50                              	PUSH	EAX
   411 00000353 6A 07                           	PUSH	7
   412 00000355 FF 75 0C                        	PUSH	DWORD [12+EBP]
   413 00000358 FF 75 08                        	PUSH	DWORD [8+EBP]
   414 0000035B E8 FFFFFE2C                     	CALL	_boxfill8
   415 00000360 8D 65 F4                        	LEA	ESP,DWORD [-12+EBP]
   416 00000363 5B                              	POP	EBX
   417 00000364 5E                              	POP	ESI
   418 00000365 5F                              	POP	EDI
   419 00000366 5D                              	POP	EBP
   420 00000367 C3                              	RET
   421 00000368                                 	GLOBAL	_putfont8
   422 00000368                                 _putfont8:
   423 00000368 55                              	PUSH	EBP
   424 00000369 89 E5                           	MOV	EBP,ESP
   425 0000036B 57                              	PUSH	EDI
   426 0000036C 56                              	PUSH	ESI
   427 0000036D 31 F6                           	XOR	ESI,ESI
   428 0000036F 53                              	PUSH	EBX
   429 00000370 8B 7D 1C                        	MOV	EDI,DWORD [28+EBP]
   430 00000373 8A 5D 18                        	MOV	BL,BYTE [24+EBP]
   431 00000376                                 L43:
   432 00000376 8B 45 14                        	MOV	EAX,DWORD [20+EBP]
   433 00000379 8B 55 10                        	MOV	EDX,DWORD [16+EBP]
   434 0000037C 01 F0                           	ADD	EAX,ESI
   435 0000037E 0F AF 45 0C                     	IMUL	EAX,DWORD [12+EBP]
   436 00000382 03 45 08                        	ADD	EAX,DWORD [8+EBP]
   437 00000385 8D 0C 02                        	LEA	ECX,DWORD [EDX+EAX*1]
   438 00000388 8A 14 3E                        	MOV	DL,BYTE [ESI+EDI*1]
   439 0000038B 84 D2                           	TEST	DL,DL
   440 0000038D 79 02                           	JNS	L35
   441 0000038F 88 19                           	MOV	BYTE [ECX],BL
   442 00000391                                 L35:
   443 00000391 88 D0                           	MOV	AL,DL
   444 00000393 83 E0 40                        	AND	EAX,64
   445 00000396 84 C0                           	TEST	AL,AL
   446 00000398 74 03                           	JE	L36
   447 0000039A 88 59 01                        	MOV	BYTE [1+ECX],BL
   448 0000039D                                 L36:
   449 0000039D 88 D0                           	MOV	AL,DL
   450 0000039F 83 E0 20                        	AND	EAX,32
   451 000003A2 84 C0                           	TEST	AL,AL
   452 000003A4 74 03                           	JE	L37
   453 000003A6 88 59 02                        	MOV	BYTE [2+ECX],BL
   454 000003A9                                 L37:
   455 000003A9 88 D0                           	MOV	AL,DL
   456 000003AB 83 E0 10                        	AND	EAX,16
   457 000003AE 84 C0                           	TEST	AL,AL
   458 000003B0 74 03                           	JE	L38
   459 000003B2 88 59 03                        	MOV	BYTE [3+ECX],BL
   460 000003B5                                 L38:
   461 000003B5 88 D0                           	MOV	AL,DL
   462 000003B7 83 E0 08                        	AND	EAX,8
   463 000003BA 84 C0                           	TEST	AL,AL
   464 000003BC 74 03                           	JE	L39
   465 000003BE 88 59 04                        	MOV	BYTE [4+ECX],BL
   466 000003C1                                 L39:
   467 000003C1 88 D0                           	MOV	AL,DL
   468 000003C3 83 E0 04                        	AND	EAX,4
   469 000003C6 84 C0                           	TEST	AL,AL
   470 000003C8 74 03                           	JE	L40
   471 000003CA 88 59 05                        	MOV	BYTE [5+ECX],BL
   472 000003CD                                 L40:
   473 000003CD 88 D0                           	MOV	AL,DL
   474 000003CF 83 E0 02                        	AND	EAX,2
   475 000003D2 84 C0                           	TEST	AL,AL
   476 000003D4 74 03                           	JE	L41
   477 000003D6 88 59 06                        	MOV	BYTE [6+ECX],BL
   478 000003D9                                 L41:
   479 000003D9 83 E2 01                        	AND	EDX,1
   480 000003DC 84 D2                           	TEST	DL,DL
   481 000003DE 74 03                           	JE	L33
   482 000003E0 88 59 07                        	MOV	BYTE [7+ECX],BL
   483 000003E3                                 L33:
   484 000003E3 46                              	INC	ESI
   485 000003E4 83 FE 0F                        	CMP	ESI,15
   486 000003E7 7E 8D                           	JLE	L43
   487 000003E9 5B                              	POP	EBX
   488 000003EA 5E                              	POP	ESI
   489 000003EB 5F                              	POP	EDI
   490 000003EC 5D                              	POP	EBP
   491 000003ED C3                              	RET
   492 000003EE                                 	GLOBAL	_putfonts8_asc
   493 000003EE                                 _putfonts8_asc:
   494 000003EE 55                              	PUSH	EBP
   495 000003EF 89 E5                           	MOV	EBP,ESP
   496 000003F1 57                              	PUSH	EDI
   497 000003F2 56                              	PUSH	ESI
   498 000003F3 53                              	PUSH	EBX
   499 000003F4 50                              	PUSH	EAX
   500 000003F5 8B 5D 1C                        	MOV	EBX,DWORD [28+EBP]
   501 000003F8 8A 45 18                        	MOV	AL,BYTE [24+EBP]
   502 000003FB 88 45 F3                        	MOV	BYTE [-13+EBP],AL
   503 000003FE 8B 75 10                        	MOV	ESI,DWORD [16+EBP]
   504 00000401 8B 7D 14                        	MOV	EDI,DWORD [20+EBP]
   505 00000404 80 3B 00                        	CMP	BYTE [EBX],0
   506 00000407 75 08                           	JNE	L51
   507 00000409                                 L53:
   508 00000409 8D 65 F4                        	LEA	ESP,DWORD [-12+EBP]
   509 0000040C 5B                              	POP	EBX
   510 0000040D 5E                              	POP	ESI
   511 0000040E 5F                              	POP	EDI
   512 0000040F 5D                              	POP	EBP
   513 00000410 C3                              	RET
   514 00000411                                 L51:
   515 00000411 0F B6 03                        	MOVZX	EAX,BYTE [EBX]
   516 00000414 C1 E0 04                        	SAL	EAX,4
   517 00000417 43                              	INC	EBX
   518 00000418 05 [00000000]                   	ADD	EAX,_hankaku
   519 0000041D 50                              	PUSH	EAX
   520 0000041E 0F BE 45 F3                     	MOVSX	EAX,BYTE [-13+EBP]
   521 00000422 50                              	PUSH	EAX
   522 00000423 57                              	PUSH	EDI
   523 00000424 56                              	PUSH	ESI
   524 00000425 83 C6 08                        	ADD	ESI,8
   525 00000428 FF 75 0C                        	PUSH	DWORD [12+EBP]
   526 0000042B FF 75 08                        	PUSH	DWORD [8+EBP]
   527 0000042E E8 FFFFFF35                     	CALL	_putfont8
   528 00000433 83 C4 18                        	ADD	ESP,24
   529 00000436 80 3B 00                        	CMP	BYTE [EBX],0
   530 00000439 75 D6                           	JNE	L51
   531 0000043B EB CC                           	JMP	L53
