     1 00000000                                 ;讀18個sector
     2 00000000                                 ; haribote-ipl
     3 00000000                                 ; TAB=4
     4 00000000                                 
     5                                          		ORG		0x7c00			; このプログラムがどこに読み込まれるのか
     6 00007C00                                 
     7 00007C00                                 ; 以下は標準的なFAT12フォーマットフロッピーディスクのための記述
     8 00007C00                                 
     9 00007C00 EB 4E                           		JMP		entry
    10 00007C02 90                              		DB		0x90
    11 00007C03 48 41 52 49 42 4F 54 45         		DB		"HARIBOTE"		; ブートセクタの名前を自由に書いてよい（8バイト）
    12 00007C0B 0200                            		DW		512				; 1セクタの大きさ（512にしなければいけない）
    13 00007C0D 01                              		DB		1				; クラスタの大きさ（1セクタにしなければいけない）
    14 00007C0E 0001                            		DW		1				; FATがどこから始まるか（普通は1セクタ目からにする）
    15 00007C10 02                              		DB		2				; FATの個数（2にしなければいけない）
    16 00007C11 00E0                            		DW		224				; ルートディレクトリ領域の大きさ（普通は224エントリにする）
    17 00007C13 0B40                            		DW		2880			; このドライブの大きさ（2880セクタにしなければいけない）
    18 00007C15 F0                              		DB		0xf0			; メディアのタイプ（0xf0にしなければいけない）
    19 00007C16 0009                            		DW		9				; FAT領域の長さ（9セクタにしなければいけない）
    20 00007C18 0012                            		DW		18				; 1トラックにいくつのセクタがあるか（18にしなければいけない）
    21 00007C1A 0002                            		DW		2				; ヘッドの数（2にしなければいけない）
    22 00007C1C 00000000                        		DD		0				; パーティションを使ってないのでここは必ず0
    23 00007C20 00000B40                        		DD		2880			; このドライブ大きさをもう一度書く
    24 00007C24 00 00 29                        		DB		0,0,0x29		; よくわからないけどこの値にしておくといいらしい
    25 00007C27 FFFFFFFF                        		DD		0xffffffff		; たぶんボリュームシリアル番号
    26 00007C2B 48 41 52 49 42 4F 54 45 4F 53   		DB		"HARIBOTEOS "	; ディスクの名前（11バイト）
       00007C35 20 
    27 00007C36 46 41 54 31 32 20 20 20         		DB		"FAT12   "		; フォーマットの名前（8バイト）
    28 00007C3E 00 00 00 00 00 00 00 00 00 00   		RESB	18				; とりあえず18バイトあけておく
       00007C48 00 00 00 00 00 00 00 00 
    29 00007C50                                 
    30 00007C50                                 ; プログラム本体
    31 00007C50                                 
    32 00007C50                                 entry:
    33 00007C50 B8 0000                         		MOV		AX,0			; レジスタ初期化
    34 00007C53 8E D0                           		MOV		SS,AX
    35 00007C55 BC 7C00                         		MOV		SP,0x7c00
    36 00007C58 8E D8                           		MOV		DS,AX
    37 00007C5A                                 
    38 00007C5A                                 ; ディスクを読む
    39 00007C5A                                 
    40 00007C5A B8 0820                         		MOV		AX,0x0820
    41 00007C5D 8E C0                           		MOV		ES,AX
    42 00007C5F B5 00                           		MOV		CH,0			; シリンダ0 柱面0(Cylinder 0)
    43 00007C61 B6 00                           		MOV		DH,0			; ヘッド0  磁頭0
    44 00007C63 B1 02                           		MOV		CL,2			; セクタ2 扇區2 (sector 2)
    45 00007C65                                 readloop:
    46 00007C65 BE 0000                         		MOV		SI,0			; 失敗回数を数えるレジスタ ;紀?失敗次數的register
    47 00007C68                                 retry:
    48 00007C68 B4 02                           		MOV		AH,0x02			; AH=0x02 : ディスク読み込み ;讀入磁盤
    49 00007C6A B0 01                           		MOV		AL,1			; 1セクタ ; 1 sector
    50 00007C6C BB 0000                         		MOV		BX,0
    51 00007C6F B2 00                           		MOV		DL,0x00			; Aドライブ 
    52 00007C71 CD 13                           		INT		0x13			; ディスクBIOS呼び出し 調用磁盤BIOS
    53 00007C73 73 10                           		JNC		next			; エラーがおきなければnextへ
    54 00007C75 83 C6 01                        		ADD		SI,1			; SIに1を足す
    55 00007C78 83 FE 05                        		CMP		SI,5			; SIと5を比較
    56 00007C7B 73 1A                           		JAE		error			; SI >= 5 だったらerrorへ
    57 00007C7D B4 00                           		MOV		AH,0x00
    58 00007C7F B2 00                           		MOV		DL,0x00			; Aドライブ
    59 00007C81 CD 13                           		INT		0x13			; ドライブのリセット
    60 00007C83 EB E3                           		JMP		retry
    61 00007C85                                 next:
    62 00007C85 8C C0                           		MOV		AX,ES			; アドレスを0x200進める
    63 00007C87 05 0020                         		ADD		AX,0x0020
    64 00007C8A 8E C0                           		MOV		ES,AX			; ADD ES,0x020 という命令がないのでこうしている
    65 00007C8C 80 C1 01                        		ADD		CL,1			; CLに1を足す 到下一個sector
    66 00007C8F 80 F9 12                        		CMP		CL,18			; CLと18を比較
    67 00007C92 76 D1                           		JBE		readloop		; CL <= 18 だったらreadloopへ  "JUMP if below or equal"
    68 00007C94                                 
    69 00007C94                                 ; 読み終わったけどとりあえずやることないので寝る
    70 00007C94                                 
    71 00007C94                                 fin:
    72 00007C94 F4                              		HLT						; 何かあるまでCPUを停止させる
    73 00007C95 EB FD                           		JMP		fin				; 無限ループ
    74 00007C97                                 
    75 00007C97                                 error:
    76 00007C97 BE 7CAC                         		MOV		SI,msg
    77 00007C9A                                 putloop:
    78 00007C9A 8A 04                           		MOV		AL,[SI]
    79 00007C9C 83 C6 01                        		ADD		SI,1			; SIに1を足す
    80 00007C9F 3C 00                           		CMP		AL,0
    81 00007CA1 74 F1                           		JE		fin
    82 00007CA3 B4 0E                           		MOV		AH,0x0e			; 一文字表示ファンクション
    83 00007CA5 BB 000F                         		MOV		BX,15			; カラーコード
    84 00007CA8 CD 10                           		INT		0x10			; ビデオBIOS呼び出し
    85 00007CAA EB EE                           		JMP		putloop
    86 00007CAC                                 msg:
    87 00007CAC 0A 0A                           		DB		0x0a, 0x0a		; 改行を2つ
    88 00007CAE 6C 6F 61 64 20 65 72 72 6F 72   		DB		"load error"
    89 00007CB8 0A                              		DB		0x0a			; 改行
    90 00007CB9 00                              		DB		0
    91 00007CBA                                 
    92 00007CBA 00 00 00 00 00 00 00 00 00 00   		RESB	0x7dfe-$		; 0x7dfeまでを0x00で埋める命令
       00007CC4 00 00 00 00 00 00 00 00 00 00 
       00007CCE 00 00 00 00 00 00 00 00 00 00 
       00007CD8 00 00 00 00 00 00 00 00 00 00 
       00007CE2 00 00 00 00 00 00 00 00 00 00 
       00007CEC 00 00 00 00 00 00 00 00 00 00 
       00007CF6 00 00 00 00 00 00 00 00 00 00 
       00007D00 00 00 00 00 00 00 00 00 00 00 
       00007D0A 00 00 00 00 00 00 00 00 00 00 
       00007D14 00 00 00 00 00 00 00 00 00 00 
       00007D1E 00 00 00 00 00 00 00 00 00 00 
       00007D28 00 00 00 00 00 00 00 00 00 00 
       00007D32 00 00 00 00 00 00 00 00 00 00 
       00007D3C 00 00 00 00 00 00 00 00 00 00 
       00007D46 00 00 00 00 00 00 00 00 00 00 
       00007D50 00 00 00 00 00 00 00 00 00 00 
       00007D5A 00 00 00 00 00 00 00 00 00 00 
       00007D64 00 00 00 00 00 00 00 00 00 00 
       00007D6E 00 00 00 00 00 00 00 00 00 00 
       00007D78 00 00 00 00 00 00 00 00 00 00 
       00007D82 00 00 00 00 00 00 00 00 00 00 
       00007D8C 00 00 00 00 00 00 00 00 00 00 
       00007D96 00 00 00 00 00 00 00 00 00 00 
       00007DA0 00 00 00 00 00 00 00 00 00 00 
       00007DAA 00 00 00 00 00 00 00 00 00 00 
       00007DB4 00 00 00 00 00 00 00 00 00 00 
       00007DBE 00 00 00 00 00 00 00 00 00 00 
       00007DC8 00 00 00 00 00 00 00 00 00 00 
       00007DD2 00 00 00 00 00 00 00 00 00 00 
       00007DDC 00 00 00 00 00 00 00 00 00 00 
       00007DE6 00 00 00 00 00 00 00 00 00 00 
       00007DF0 00 00 00 00 00 00 00 00 00 00 
       00007DFA 00 00 00 00 
    93 00007DFE                                 
    94 00007DFE 55 AA                           		DB		0x55, 0xaa
